;;; 
Export: Release 18.0.0.0.0 - Production on Wed Jan 13 06:05:27 2021
Version 18.4.0.0.0

Copyright (c) 1982, 2019, Oracle and/or its affiliates.  All rights reserved.
;;; 
Connected to: Oracle Database 18c Express Edition Release 18.0.0.0.0 - Production
Starting "LOVEDEEP"."SYS_EXPORT_SCHEMA_01":  lovedeep/******** directory=datapump dumpfile=scott_bkp.dmp logfile=scott_bkp.log schemas='lovedeep' 
Processing object type SCHEMA_EXPORT/TABLE/TABLE_DATA
Processing object type SCHEMA_EXPORT/TABLE/INDEX/STATISTICS/INDEX_STATISTICS
Processing object type SCHEMA_EXPORT/TABLE/STATISTICS/TABLE_STATISTICS
Processing object type SCHEMA_EXPORT/STATISTICS/MARKER
Processing object type SCHEMA_EXPORT/ROLE_GRANT
Processing object type SCHEMA_EXPORT/DEFAULT_ROLE
Processing object type SCHEMA_EXPORT/PRE_SCHEMA/PROCACT_SCHEMA
Processing object type SCHEMA_EXPORT/TABLE/TABLE
Processing object type SCHEMA_EXPORT/TABLE/COMMENT
Processing object type SCHEMA_EXPORT/TABLE/INDEX/INDEX
Processing object type SCHEMA_EXPORT/TABLE/CONSTRAINT/CONSTRAINT
Processing object type SCHEMA_EXPORT/TABLE/CONSTRAINT/REF_CONSTRAINT
. . exported "LOVEDEEP"."ALUMNI"                         10.06 KB       8 rows
. . exported "LOVEDEEP"."EMPLOYMENT"                     9.234 KB       5 rows
. . exported "LOVEDEEP"."STUDENT"                            9 KB       1 rows
. . exported "LOVEDEEP"."UNEMPLOYMENT"                   7.343 KB       3 rows
. . exported "LOVEDEEP"."COURSE"                         6.593 KB       4 rows
. . exported "LOVEDEEP"."DEPARTMENT"                     6.414 KB       1 rows
. . exported "LOVEDEEP"."USERS"                          6.156 KB       9 rows
. . exported "LOVEDEEP"."CUSTOMER"                           0 KB       0 rows
. . exported "LOVEDEEP"."EMPLOYEE"                           0 KB       0 rows
. . exported "LOVEDEEP"."STUDENTDATA"                        0 KB       0 rows
Master table "LOVEDEEP"."SYS_EXPORT_SCHEMA_01" successfully loaded/unloaded
******************************************************************************
Dump file set for LOVEDEEP.SYS_EXPORT_SCHEMA_01 is:
  F:\DP_EXP\TABLES\SCOTT_BKP.DMP
Job "LOVEDEEP"."SYS_EXPORT_SCHEMA_01" successfully completed at Wed Jan 13 06:07:57 2021 elapsed 0 00:02:19
